<?xml version="1.0" encoding="UTF-8"?>
<!-- Generated by org.testng.reporters.JUnitReportReporter -->
<testsuite skipped="0" hostname="Abhresh" name="module6.NewTest" tests="1" failures="0" timestamp="18 Aug 2018 04:08:01 GMT" time="0.034" errors="0">
  <testcase name="f" time="0.034" classname="module6.NewTest"/>
</testsuite> <!-- module6.NewTest -->
