<?xml version="1.0" encoding="UTF-8"?>
<!-- Generated by org.testng.reporters.JUnitReportReporter -->
<testsuite skipped="0" hostname="Abhresh" name="module9.DDT.DDT" tests="10" failures="0" timestamp="26 Aug 2018 02:34:49 GMT" time="65.008" errors="0">
  <testcase name="TestAUT" time="6.113" classname="module9.DDT.DDT"/>
  <testcase name="TestAUT" time="6.124" classname="module9.DDT.DDT"/>
  <testcase name="TestAUT" time="6.118" classname="module9.DDT.DDT"/>
  <testcase name="TestAUT" time="7.294" classname="module9.DDT.DDT"/>
  <testcase name="TestAUT" time="6.418" classname="module9.DDT.DDT"/>
  <testcase name="TestAUT" time="6.717" classname="module9.DDT.DDT"/>
  <testcase name="TestAUT" time="6.054" classname="module9.DDT.DDT"/>
  <testcase name="TestAUT" time="6.728" classname="module9.DDT.DDT"/>
  <testcase name="TestAUT" time="7.042" classname="module9.DDT.DDT"/>
  <testcase name="TestAUT" time="6.400" classname="module9.DDT.DDT"/>
</testsuite> <!-- module9.DDT.DDT -->
