<?xml version="1.0" encoding="UTF-8"?>
<!-- Generated by org.testng.reporters.JUnitReportReporter -->
<testsuite skipped="0" hostname="Abhresh" name="module6.Grouping" tests="6" failures="0" timestamp="19 Aug 2018 03:53:24 GMT" time="0.124" errors="0">
  <testcase name="TC1" time="0.053" classname="module6.Grouping"/>
  <testcase name="TC7" time="0.012" classname="module6.Grouping"/>
  <testcase name="TC9" time="0.017" classname="module6.Grouping"/>
  <testcase name="TC4" time="0.007" classname="module6.Grouping"/>
  <testcase name="TC5" time="0.018" classname="module6.Grouping"/>
  <testcase name="TC8" time="0.017" classname="module6.Grouping"/>
</testsuite> <!-- module6.Grouping -->
