<?xml version="1.0" encoding="UTF-8"?>
<!-- Generated by org.testng.reporters.JUnitReportReporter -->
<testsuite skipped="1" hostname="Abhresh" name="module6.MultipleTest" tests="4" failures="0" timestamp="19 Aug 2018 03:53:24 GMT" time="0.022" errors="0">
  <testcase name="Car" time="0.005" classname="module6.MultipleTest"/>
  <testcase name="Train" time="0.010" classname="module6.MultipleTest"/>
  <testcase name="Bike" time="0.007" classname="module6.MultipleTest"/>
  <testcase name="Truck" classname="module6.MultipleTest">
    <skipped/>
  </testcase> <!-- Truck -->
</testsuite> <!-- module6.MultipleTest -->
