<?xml version="1.0" encoding="UTF-8"?>
<!-- Generated by org.testng.reporters.JUnitReportReporter -->
<testsuite skipped="0" hostname="Abhresh" name="module6.Scenario1" tests="3" failures="0" timestamp="19 Aug 2018 02:52:50 GMT" time="28.940" errors="0">
  <testcase name="OpenApp" time="10.780" classname="module6.Scenario1"/>
  <testcase name="LogOut" time="5.735" classname="module6.Scenario1"/>
  <testcase name="LogIn" time="12.425" classname="module6.Scenario1"/>
</testsuite> <!-- module6.Scenario1 -->
