<?xml version="1.0" encoding="UTF-8"?>
<!-- Generated by org.testng.reporters.JUnitReportReporter -->
<testsuite skipped="0" hostname="Abhresh" name="module6.Parameterization" tests="3" failures="0" timestamp="19 Aug 2018 04:26:35 GMT" time="53.719" errors="0">
  <testcase name="login_TestCase" time="19.242" classname="module6.Parameterization"/>
  <testcase name="login_TestCase" time="12.908" classname="module6.Parameterization"/>
  <testcase name="login_TestCase" time="21.569" classname="module6.Parameterization"/>
</testsuite> <!-- module6.Parameterization -->
