<?xml version="1.0" encoding="UTF-8"?>
<!-- Generated by org.testng.reporters.JUnitReportReporter -->
<testsuite skipped="0" hostname="Abhresh" name="module6.Annotations" tests="2" failures="0" timestamp="18 Aug 2018 04:15:36 GMT" time="0.073" errors="0">
  <testcase name="Test2" time="0.015" classname="module6.Annotations"/>
  <testcase name="Test1" time="0.058" classname="module6.Annotations"/>
</testsuite> <!-- module6.Annotations -->
